<?xml version="1.0" encoding="UTF-8"?>
<!-- Generated by org.testng.reporters.JUnitReportReporter -->
<testsuite hostname="WFX-LAP-300" failures="0" tests="1" name="Tests.loginTests" time="2.562" errors="0" timestamp="2023-04-14T19:37:15 IST" skipped="0">
  <testcase classname="Tests.loginTests" name="loginTest" time="2.562"/>
  <system-out/>
</testsuite> <!-- Tests.loginTests -->
